This file contains any messages produced by compilers while
running configure, to aid debugging if configure makes a mistake.

It was created by fuse configure 3.0.2, which was
generated by GNU Autoconf 2.69.  Invocation command line was

  $ ./configure 

## --------- ##
## Platform. ##
## --------- ##

hostname = parallels-VirtualBox
uname -m = x86_64
uname -r = 4.10.0-35-generic
uname -s = Linux
uname -v = #39~16.04.1-Ubuntu SMP Wed Sep 13 09:02:42 UTC 2017

/usr/bin/uname -p = unknown
/bin/uname -X     = unknown

/bin/arch              = unknown
/usr/bin/arch -k       = unknown
/usr/convex/getsysinfo = unknown
/usr/bin/hostinfo      = unknown
/bin/machine           = unknown
/usr/bin/oslevel       = unknown
/bin/universe          = unknown

PATH: /home/parallels/bin
PATH: /home/parallels/.local/bin
PATH: /usr/local/sbin
PATH: /usr/local/bin
PATH: /usr/sbin
PATH: /usr/bin
PATH: /sbin
PATH: /bin
PATH: /usr/games
PATH: /usr/local/games
PATH: /snap/bin


## ----------- ##
## Core tests. ##
## ----------- ##

configure:2257: checking build system type
configure:2271: result: x86_64-unknown-linux-gnu
configure:2291: checking host system type
configure:2304: result: x86_64-unknown-linux-gnu
configure:2324: checking target system type
configure:2337: result: x86_64-unknown-linux-gnu
configure:2379: checking for a BSD-compatible install
configure:2447: result: /usr/bin/install -c
configure:2458: checking whether build environment is sane
configure:2513: result: yes
configure:2664: checking for a thread-safe mkdir -p
configure:2703: result: /bin/mkdir -p
configure:2710: checking for gawk
configure:2740: result: no
configure:2710: checking for mawk
configure:2726: found /usr/bin/mawk
configure:2737: result: mawk
configure:2748: checking whether make sets $(MAKE)
configure:2770: result: yes
configure:2799: checking whether make supports nested variables
configure:2816: result: yes
configure:2953: checking whether make supports nested variables
configure:2970: result: yes
configure:3030: checking how to print strings
configure:3057: result: printf
configure:3090: checking for style of include used by make
configure:3118: result: GNU
configure:3189: checking for gcc
configure:3205: found /usr/bin/gcc
configure:3216: result: gcc
configure:3445: checking for C compiler version
configure:3454: gcc --version >&5
gcc (Ubuntu 5.4.0-6ubuntu1~16.04.4) 5.4.0 20160609
Copyright (C) 2015 Free Software Foundation, Inc.
This is free software; see the source for copying conditions.  There is NO
warranty; not even for MERCHANTABILITY or FITNESS FOR A PARTICULAR PURPOSE.

configure:3465: $? = 0
configure:3454: gcc -v >&5
Using built-in specs.
COLLECT_GCC=gcc
COLLECT_LTO_WRAPPER=/usr/lib/gcc/x86_64-linux-gnu/5/lto-wrapper
Target: x86_64-linux-gnu
Configured with: ../src/configure -v --with-pkgversion='Ubuntu 5.4.0-6ubuntu1~16.04.4' --with-bugurl=file:///usr/share/doc/gcc-5/README.Bugs --enable-languages=c,ada,c++,java,go,d,fortran,objc,obj-c++ --prefix=/usr --program-suffix=-5 --enable-shared --enable-linker-build-id --libexecdir=/usr/lib --without-included-gettext --enable-threads=posix --libdir=/usr/lib --enable-nls --with-sysroot=/ --enable-clocale=gnu --enable-libstdcxx-debug --enable-libstdcxx-time=yes --with-default-libstdcxx-abi=new --enable-gnu-unique-object --disable-vtable-verify --enable-libmpx --enable-plugin --with-system-zlib --disable-browser-plugin --enable-java-awt=gtk --enable-gtk-cairo --with-java-home=/usr/lib/jvm/java-1.5.0-gcj-5-amd64/jre --enable-java-home --with-jvm-root-dir=/usr/lib/jvm/java-1.5.0-gcj-5-amd64 --with-jvm-jar-dir=/usr/lib/jvm-exports/java-1.5.0-gcj-5-amd64 --with-arch-directory=amd64 --with-ecj-jar=/usr/share/java/eclipse-ecj.jar --enable-objc-gc --enable-multiarch --disable-werror --with-arch-32=i686 --with-abi=m64 --with-multilib-list=m32,m64,mx32 --enable-multilib --with-tune=generic --enable-checking=release --build=x86_64-linux-gnu --host=x86_64-linux-gnu --target=x86_64-linux-gnu
Thread model: posix
gcc version 5.4.0 20160609 (Ubuntu 5.4.0-6ubuntu1~16.04.4) 
configure:3465: $? = 0
configure:3454: gcc -V >&5
gcc: error: unrecognized command line option '-V'
gcc: fatal error: no input files
compilation terminated.
configure:3465: $? = 1
configure:3454: gcc -qversion >&5
gcc: error: unrecognized command line option '-qversion'
gcc: fatal error: no input files
compilation terminated.
configure:3465: $? = 1
configure:3485: checking whether the C compiler works
configure:3507: gcc    conftest.c  >&5
configure:3511: $? = 0
configure:3559: result: yes
configure:3562: checking for C compiler default output file name
configure:3564: result: a.out
configure:3570: checking for suffix of executables
configure:3577: gcc -o conftest    conftest.c  >&5
configure:3581: $? = 0
configure:3603: result: 
configure:3625: checking whether we are cross compiling
configure:3633: gcc -o conftest    conftest.c  >&5
configure:3637: $? = 0
configure:3644: ./conftest
configure:3648: $? = 0
configure:3663: result: no
configure:3668: checking for suffix of object files
configure:3690: gcc -c   conftest.c >&5
configure:3694: $? = 0
configure:3715: result: o
configure:3719: checking whether we are using the GNU C compiler
configure:3738: gcc -c   conftest.c >&5
configure:3738: $? = 0
configure:3747: result: yes
configure:3756: checking whether gcc accepts -g
configure:3776: gcc -c -g  conftest.c >&5
configure:3776: $? = 0
configure:3817: result: yes
configure:3834: checking for gcc option to accept ISO C89
configure:3897: gcc  -c -g -O2  conftest.c >&5
configure:3897: $? = 0
configure:3910: result: none needed
configure:3935: checking whether gcc understands -c and -o together
configure:3957: gcc -c conftest.c -o conftest2.o
configure:3960: $? = 0
configure:3957: gcc -c conftest.c -o conftest2.o
configure:3960: $? = 0
configure:3972: result: yes
configure:3991: checking dependency style of gcc
configure:4102: result: gcc3
configure:4117: checking for a sed that does not truncate output
configure:4181: result: /bin/sed
configure:4199: checking for grep that handles long lines and -e
configure:4257: result: /bin/grep
configure:4262: checking for egrep
configure:4324: result: /bin/grep -E
configure:4329: checking for fgrep
configure:4391: result: /bin/grep -F
configure:4426: checking for ld used by gcc
configure:4493: result: /usr/bin/ld
configure:4500: checking if the linker (/usr/bin/ld) is GNU ld
configure:4515: result: yes
configure:4527: checking for BSD- or MS-compatible name lister (nm)
configure:4576: result: /usr/bin/nm -B
configure:4706: checking the name lister (/usr/bin/nm -B) interface
configure:4713: gcc -c -g -O2  conftest.c >&5
configure:4716: /usr/bin/nm -B "conftest.o"
configure:4719: output
0000000000000000 B some_variable
configure:4726: result: BSD nm
configure:4729: checking whether ln -s works
configure:4733: result: yes
configure:4741: checking the maximum length of command line arguments
configure:4872: result: 1572864
configure:4889: checking whether the shell understands some XSI constructs
configure:4899: result: yes
configure:4903: checking whether the shell understands "+="
configure:4909: result: yes
configure:4944: checking how to convert x86_64-unknown-linux-gnu file names to x86_64-unknown-linux-gnu format
configure:4984: result: func_convert_file_noop
configure:4991: checking how to convert x86_64-unknown-linux-gnu file names to toolchain format
configure:5011: result: func_convert_file_noop
configure:5018: checking for /usr/bin/ld option to reload object files
configure:5025: result: -r
configure:5099: checking for objdump
configure:5115: found /usr/bin/objdump
configure:5126: result: objdump
configure:5158: checking how to recognize dependent libraries
configure:5356: result: pass_all
configure:5441: checking for dlltool
configure:5471: result: no
configure:5501: checking how to associate runtime and link libraries
configure:5528: result: printf %s\n
configure:5589: checking for ar
configure:5605: found /usr/bin/ar
configure:5616: result: ar
configure:5653: checking for archiver @FILE support
configure:5670: gcc -c -g -O2  conftest.c >&5
configure:5670: $? = 0
configure:5673: ar cru libconftest.a @conftest.lst >&5
ar: `u' modifier ignored since `D' is the default (see `U')
configure:5676: $? = 0
configure:5681: ar cru libconftest.a @conftest.lst >&5
ar: `u' modifier ignored since `D' is the default (see `U')
ar: conftest.o: No such file or directory
configure:5684: $? = 1
configure:5696: result: @
configure:5754: checking for strip
configure:5770: found /usr/bin/strip
configure:5781: result: strip
configure:5853: checking for ranlib
configure:5869: found /usr/bin/ranlib
configure:5880: result: ranlib
configure:5982: checking command to parse /usr/bin/nm -B output from gcc object
configure:6102: gcc -c -g -O2  conftest.c >&5
configure:6105: $? = 0
configure:6109: /usr/bin/nm -B conftest.o \| sed -n -e 's/^.*[ ]\([ABCDGIRSTW][ABCDGIRSTW]*\)[ ][ ]*\([_A-Za-z][_A-Za-z0-9]*\)$/\1 \2 \2/p' | sed '/ __gnu_lto/d' \> conftest.nm
configure:6112: $? = 0
configure:6178: gcc -o conftest -g -O2   conftest.c conftstm.o >&5
configure:6181: $? = 0
configure:6219: result: ok
configure:6256: checking for sysroot
configure:6286: result: no
configure:6363: gcc -c -g -O2  conftest.c >&5
configure:6366: $? = 0
configure:6555: checking for mt
configure:6571: found /bin/mt
configure:6582: result: mt
configure:6605: checking if mt is a manifest tool
configure:6611: mt '-?'
configure:6619: result: no
configure:7261: checking how to run the C preprocessor
configure:7292: gcc -E  conftest.c
configure:7292: $? = 0
configure:7306: gcc -E  conftest.c
conftest.c:11:28: fatal error: ac_nonexistent.h: No such file or directory
compilation terminated.
configure:7306: $? = 1
configure: failed program was:
| /* confdefs.h */
| #define PACKAGE_NAME "fuse"
| #define PACKAGE_TARNAME "fuse"
| #define PACKAGE_VERSION "3.0.2"
| #define PACKAGE_STRING "fuse 3.0.2"
| #define PACKAGE_BUGREPORT ""
| #define PACKAGE_URL ""
| #define PACKAGE "fuse"
| #define VERSION "3.0.2"
| /* end confdefs.h.  */
| #include <ac_nonexistent.h>
configure:7331: result: gcc -E
configure:7351: gcc -E  conftest.c
configure:7351: $? = 0
configure:7365: gcc -E  conftest.c
conftest.c:11:28: fatal error: ac_nonexistent.h: No such file or directory
compilation terminated.
configure:7365: $? = 1
configure: failed program was:
| /* confdefs.h */
| #define PACKAGE_NAME "fuse"
| #define PACKAGE_TARNAME "fuse"
| #define PACKAGE_VERSION "3.0.2"
| #define PACKAGE_STRING "fuse 3.0.2"
| #define PACKAGE_BUGREPORT ""
| #define PACKAGE_URL ""
| #define PACKAGE "fuse"
| #define VERSION "3.0.2"
| /* end confdefs.h.  */
| #include <ac_nonexistent.h>
configure:7394: checking for ANSI C header files
configure:7414: gcc -c -g -O2  conftest.c >&5
configure:7414: $? = 0
configure:7487: gcc -o conftest -g -O2   conftest.c  >&5
configure:7487: $? = 0
configure:7487: ./conftest
configure:7487: $? = 0
configure:7498: result: yes
configure:7511: checking for sys/types.h
configure:7511: gcc -c -g -O2  conftest.c >&5
configure:7511: $? = 0
configure:7511: result: yes
configure:7511: checking for sys/stat.h
configure:7511: gcc -c -g -O2  conftest.c >&5
configure:7511: $? = 0
configure:7511: result: yes
configure:7511: checking for stdlib.h
configure:7511: gcc -c -g -O2  conftest.c >&5
configure:7511: $? = 0
configure:7511: result: yes
configure:7511: checking for string.h
configure:7511: gcc -c -g -O2  conftest.c >&5
configure:7511: $? = 0
configure:7511: result: yes
configure:7511: checking for memory.h
configure:7511: gcc -c -g -O2  conftest.c >&5
configure:7511: $? = 0
configure:7511: result: yes
configure:7511: checking for strings.h
configure:7511: gcc -c -g -O2  conftest.c >&5
configure:7511: $? = 0
configure:7511: result: yes
configure:7511: checking for inttypes.h
configure:7511: gcc -c -g -O2  conftest.c >&5
configure:7511: $? = 0
configure:7511: result: yes
configure:7511: checking for stdint.h
configure:7511: gcc -c -g -O2  conftest.c >&5
configure:7511: $? = 0
configure:7511: result: yes
configure:7511: checking for unistd.h
configure:7511: gcc -c -g -O2  conftest.c >&5
configure:7511: $? = 0
configure:7511: result: yes
configure:7525: checking for dlfcn.h
configure:7525: gcc -c -g -O2  conftest.c >&5
configure:7525: $? = 0
configure:7525: result: yes
configure:7731: checking for objdir
configure:7746: result: .libs
configure:8017: checking if gcc supports -fno-rtti -fno-exceptions
configure:8035: gcc -c -g -O2  -fno-rtti -fno-exceptions conftest.c >&5
cc1: warning: command line option '-fno-rtti' is valid for C++/ObjC++ but not for C
configure:8039: $? = 0
configure:8052: result: no
configure:8379: checking for gcc option to produce PIC
configure:8386: result: -fPIC -DPIC
configure:8394: checking if gcc PIC flag -fPIC -DPIC works
configure:8412: gcc -c -g -O2  -fPIC -DPIC -DPIC conftest.c >&5
configure:8416: $? = 0
configure:8429: result: yes
configure:8458: checking if gcc static flag -static works
configure:8486: result: yes
configure:8501: checking if gcc supports -c -o file.o
configure:8522: gcc -c -g -O2  -o out/conftest2.o conftest.c >&5
configure:8526: $? = 0
configure:8548: result: yes
configure:8556: checking if gcc supports -c -o file.o
configure:8603: result: yes
configure:8636: checking whether the gcc linker (/usr/bin/ld -m elf_x86_64) supports shared libraries
configure:9793: result: yes
configure:9830: checking whether -lc should be explicitly linked in
configure:9838: gcc -c -g -O2  conftest.c >&5
configure:9841: $? = 0
configure:9856: gcc -shared  -fPIC -DPIC conftest.o  -v -Wl,-soname -Wl,conftest -o conftest 2\>\&1 \| /bin/grep  -lc  \>/dev/null 2\>\&1
configure:9859: $? = 0
configure:9873: result: no
configure:10033: checking dynamic linker characteristics
configure:10533: gcc -o conftest -g -O2   -Wl,-rpath -Wl,/foo conftest.c  >&5
configure:10533: $? = 0
configure:10767: result: GNU/Linux ld.so
configure:10874: checking how to hardcode library paths into programs
configure:10899: result: immediate
configure:11439: checking whether stripping libraries is possible
configure:11444: result: yes
configure:11479: checking if libtool supports shared libraries
configure:11481: result: yes
configure:11484: checking whether to build shared libraries
configure:11505: result: yes
configure:11508: checking whether to build static libraries
configure:11512: result: yes
configure:11553: checking for gcc option to accept ISO C99
configure:11702: gcc  -c -g -O2  conftest.c >&5
configure:11702: $? = 0
configure:11715: result: none needed
configure:11823: checking for gcc option to accept ISO Standard C
configure:11834: result: none needed
configure:11848: checking for special C compiler options needed for large files
configure:11893: result: no
configure:11899: checking for _FILE_OFFSET_BITS value needed for large files
configure:11924: gcc -c -g -O2  conftest.c >&5
configure:11924: $? = 0
configure:11956: result: no
configure:12115: checking for fork
configure:12115: gcc -o conftest -Wall -W -Wno-sign-compare -Wstrict-prototypes -Wmissing-declarations -Wwrite-strings -g -O2 -fno-strict-aliasing   conftest.c  >&5
conftest.c:46:1: warning: function declaration isn't a prototype [-Wstrict-prototypes]
 char fork ();
 ^
conftest.c:46:6: warning: conflicting types for built-in function 'fork'
 char fork ();
      ^
conftest.c:55:1: warning: function declaration isn't a prototype [-Wstrict-prototypes]
 main ()
 ^
configure:12115: $? = 0
configure:12115: result: yes
configure:12115: checking for setxattr
configure:12115: gcc -o conftest -Wall -W -Wno-sign-compare -Wstrict-prototypes -Wmissing-declarations -Wwrite-strings -g -O2 -fno-strict-aliasing   conftest.c  >&5
conftest.c:47:1: warning: function declaration isn't a prototype [-Wstrict-prototypes]
 char setxattr ();
 ^
conftest.c:56:1: warning: function declaration isn't a prototype [-Wstrict-prototypes]
 main ()
 ^
configure:12115: $? = 0
configure:12115: result: yes
configure:12115: checking for fdatasync
configure:12115: gcc -o conftest -Wall -W -Wno-sign-compare -Wstrict-prototypes -Wmissing-declarations -Wwrite-strings -g -O2 -fno-strict-aliasing   conftest.c  >&5
conftest.c:48:1: warning: function declaration isn't a prototype [-Wstrict-prototypes]
 char fdatasync ();
 ^
conftest.c:57:1: warning: function declaration isn't a prototype [-Wstrict-prototypes]
 main ()
 ^
configure:12115: $? = 0
configure:12115: result: yes
configure:12115: checking for splice
configure:12115: gcc -o conftest -Wall -W -Wno-sign-compare -Wstrict-prototypes -Wmissing-declarations -Wwrite-strings -g -O2 -fno-strict-aliasing   conftest.c  >&5
conftest.c:49:1: warning: function declaration isn't a prototype [-Wstrict-prototypes]
 char splice ();
 ^
conftest.c:58:1: warning: function declaration isn't a prototype [-Wstrict-prototypes]
 main ()
 ^
configure:12115: $? = 0
configure:12115: result: yes
configure:12115: checking for vmsplice
configure:12115: gcc -o conftest -Wall -W -Wno-sign-compare -Wstrict-prototypes -Wmissing-declarations -Wwrite-strings -g -O2 -fno-strict-aliasing   conftest.c  >&5
conftest.c:50:1: warning: function declaration isn't a prototype [-Wstrict-prototypes]
 char vmsplice ();
 ^
conftest.c:59:1: warning: function declaration isn't a prototype [-Wstrict-prototypes]
 main ()
 ^
configure:12115: $? = 0
configure:12115: result: yes
configure:12115: checking for utimensat
configure:12115: gcc -o conftest -Wall -W -Wno-sign-compare -Wstrict-prototypes -Wmissing-declarations -Wwrite-strings -g -O2 -fno-strict-aliasing   conftest.c  >&5
conftest.c:51:1: warning: function declaration isn't a prototype [-Wstrict-prototypes]
 char utimensat ();
 ^
conftest.c:60:1: warning: function declaration isn't a prototype [-Wstrict-prototypes]
 main ()
 ^
configure:12115: $? = 0
configure:12115: result: yes
configure:12115: checking for pipe2
configure:12115: gcc -o conftest -Wall -W -Wno-sign-compare -Wstrict-prototypes -Wmissing-declarations -Wwrite-strings -g -O2 -fno-strict-aliasing   conftest.c  >&5
conftest.c:52:1: warning: function declaration isn't a prototype [-Wstrict-prototypes]
 char pipe2 ();
 ^
conftest.c:61:1: warning: function declaration isn't a prototype [-Wstrict-prototypes]
 main ()
 ^
configure:12115: $? = 0
configure:12115: result: yes
configure:12127: checking for posix_fallocate
configure:12127: gcc -o conftest -Wall -W -Wno-sign-compare -Wstrict-prototypes -Wmissing-declarations -Wwrite-strings -g -O2 -fno-strict-aliasing   conftest.c  >&5
conftest.c:53:1: warning: function declaration isn't a prototype [-Wstrict-prototypes]
 char posix_fallocate ();
 ^
conftest.c:62:1: warning: function declaration isn't a prototype [-Wstrict-prototypes]
 main ()
 ^
configure:12127: $? = 0
configure:12127: result: yes
configure:12127: checking for fstatat
configure:12127: gcc -o conftest -Wall -W -Wno-sign-compare -Wstrict-prototypes -Wmissing-declarations -Wwrite-strings -g -O2 -fno-strict-aliasing   conftest.c  >&5
conftest.c:54:1: warning: function declaration isn't a prototype [-Wstrict-prototypes]
 char fstatat ();
 ^
conftest.c:63:1: warning: function declaration isn't a prototype [-Wstrict-prototypes]
 main ()
 ^
configure:12127: $? = 0
configure:12127: result: yes
configure:12127: checking for openat
configure:12127: gcc -o conftest -Wall -W -Wno-sign-compare -Wstrict-prototypes -Wmissing-declarations -Wwrite-strings -g -O2 -fno-strict-aliasing   conftest.c  >&5
conftest.c:55:1: warning: function declaration isn't a prototype [-Wstrict-prototypes]
 char openat ();
 ^
conftest.c:64:1: warning: function declaration isn't a prototype [-Wstrict-prototypes]
 main ()
 ^
configure:12127: $? = 0
configure:12127: result: yes
configure:12127: checking for readlinkat
configure:12127: gcc -o conftest -Wall -W -Wno-sign-compare -Wstrict-prototypes -Wmissing-declarations -Wwrite-strings -g -O2 -fno-strict-aliasing   conftest.c  >&5
conftest.c:56:1: warning: function declaration isn't a prototype [-Wstrict-prototypes]
 char readlinkat ();
 ^
conftest.c:65:1: warning: function declaration isn't a prototype [-Wstrict-prototypes]
 main ()
 ^
configure:12127: $? = 0
configure:12127: result: yes
configure:12136: checking for struct stat.st_atim
configure:12136: gcc -c -Wall -W -Wno-sign-compare -Wstrict-prototypes -Wmissing-declarations -Wwrite-strings -g -O2 -fno-strict-aliasing  conftest.c >&5
conftest.c:68:1: warning: function declaration isn't a prototype [-Wstrict-prototypes]
 main ()
 ^
conftest.c: In function 'main':
conftest.c:71:5: error: used struct type value where scalar is required
 if (ac_aggr.st_atim)
     ^
conftest.c:70:20: warning: variable 'ac_aggr' set but not used [-Wunused-but-set-variable]
 static struct stat ac_aggr;
                    ^
configure:12136: $? = 1
configure: failed program was:
| /* confdefs.h */
| #define PACKAGE_NAME "fuse"
| #define PACKAGE_TARNAME "fuse"
| #define PACKAGE_VERSION "3.0.2"
| #define PACKAGE_STRING "fuse 3.0.2"
| #define PACKAGE_BUGREPORT ""
| #define PACKAGE_URL ""
| #define PACKAGE "fuse"
| #define VERSION "3.0.2"
| #define STDC_HEADERS 1
| #define HAVE_SYS_TYPES_H 1
| #define HAVE_SYS_STAT_H 1
| #define HAVE_STDLIB_H 1
| #define HAVE_STRING_H 1
| #define HAVE_MEMORY_H 1
| #define HAVE_STRINGS_H 1
| #define HAVE_INTTYPES_H 1
| #define HAVE_STDINT_H 1
| #define HAVE_UNISTD_H 1
| #define HAVE_DLFCN_H 1
| #define LT_OBJDIR ".libs/"
| #define HAVE_FORK 1
| #define HAVE_SETXATTR 1
| #define HAVE_FDATASYNC 1
| #define HAVE_SPLICE 1
| #define HAVE_VMSPLICE 1
| #define HAVE_UTIMENSAT 1
| #define HAVE_PIPE2 1
| #define HAVE_POSIX_FALLOCATE 1
| #define HAVE_FSTATAT 1
| #define HAVE_OPENAT 1
| #define HAVE_READLINKAT 1
| /* end confdefs.h.  */
| #include <stdio.h>
| #ifdef HAVE_SYS_TYPES_H
| # include <sys/types.h>
| #endif
| #ifdef HAVE_SYS_STAT_H
| # include <sys/stat.h>
| #endif
| #ifdef STDC_HEADERS
| # include <stdlib.h>
| # include <stddef.h>
| #else
| # ifdef HAVE_STDLIB_H
| #  include <stdlib.h>
| # endif
| #endif
| #ifdef HAVE_STRING_H
| # if !defined STDC_HEADERS && defined HAVE_MEMORY_H
| #  include <memory.h>
| # endif
| # include <string.h>
| #endif
| #ifdef HAVE_STRINGS_H
| # include <strings.h>
| #endif
| #ifdef HAVE_INTTYPES_H
| # include <inttypes.h>
| #endif
| #ifdef HAVE_STDINT_H
| # include <stdint.h>
| #endif
| #ifdef HAVE_UNISTD_H
| # include <unistd.h>
| #endif
| int
| main ()
| {
| static struct stat ac_aggr;
| if (ac_aggr.st_atim)
| return 0;
|   ;
|   return 0;
| }
configure:12136: gcc -c -Wall -W -Wno-sign-compare -Wstrict-prototypes -Wmissing-declarations -Wwrite-strings -g -O2 -fno-strict-aliasing  conftest.c >&5
conftest.c:68:1: warning: function declaration isn't a prototype [-Wstrict-prototypes]
 main ()
 ^
configure:12136: $? = 0
configure:12136: result: yes
configure:12146: checking for struct stat.st_atimespec
configure:12146: gcc -c -Wall -W -Wno-sign-compare -Wstrict-prototypes -Wmissing-declarations -Wwrite-strings -g -O2 -fno-strict-aliasing  conftest.c >&5
conftest.c:69:1: warning: function declaration isn't a prototype [-Wstrict-prototypes]
 main ()
 ^
conftest.c: In function 'main':
conftest.c:72:12: error: 'struct stat' has no member named 'st_atimespec'
 if (ac_aggr.st_atimespec)
            ^
conftest.c:71:20: warning: variable 'ac_aggr' set but not used [-Wunused-but-set-variable]
 static struct stat ac_aggr;
                    ^
configure:12146: $? = 1
configure: failed program was:
| /* confdefs.h */
| #define PACKAGE_NAME "fuse"
| #define PACKAGE_TARNAME "fuse"
| #define PACKAGE_VERSION "3.0.2"
| #define PACKAGE_STRING "fuse 3.0.2"
| #define PACKAGE_BUGREPORT ""
| #define PACKAGE_URL ""
| #define PACKAGE "fuse"
| #define VERSION "3.0.2"
| #define STDC_HEADERS 1
| #define HAVE_SYS_TYPES_H 1
| #define HAVE_SYS_STAT_H 1
| #define HAVE_STDLIB_H 1
| #define HAVE_STRING_H 1
| #define HAVE_MEMORY_H 1
| #define HAVE_STRINGS_H 1
| #define HAVE_INTTYPES_H 1
| #define HAVE_STDINT_H 1
| #define HAVE_UNISTD_H 1
| #define HAVE_DLFCN_H 1
| #define LT_OBJDIR ".libs/"
| #define HAVE_FORK 1
| #define HAVE_SETXATTR 1
| #define HAVE_FDATASYNC 1
| #define HAVE_SPLICE 1
| #define HAVE_VMSPLICE 1
| #define HAVE_UTIMENSAT 1
| #define HAVE_PIPE2 1
| #define HAVE_POSIX_FALLOCATE 1
| #define HAVE_FSTATAT 1
| #define HAVE_OPENAT 1
| #define HAVE_READLINKAT 1
| #define HAVE_STRUCT_STAT_ST_ATIM 1
| /* end confdefs.h.  */
| #include <stdio.h>
| #ifdef HAVE_SYS_TYPES_H
| # include <sys/types.h>
| #endif
| #ifdef HAVE_SYS_STAT_H
| # include <sys/stat.h>
| #endif
| #ifdef STDC_HEADERS
| # include <stdlib.h>
| # include <stddef.h>
| #else
| # ifdef HAVE_STDLIB_H
| #  include <stdlib.h>
| # endif
| #endif
| #ifdef HAVE_STRING_H
| # if !defined STDC_HEADERS && defined HAVE_MEMORY_H
| #  include <memory.h>
| # endif
| # include <string.h>
| #endif
| #ifdef HAVE_STRINGS_H
| # include <strings.h>
| #endif
| #ifdef HAVE_INTTYPES_H
| # include <inttypes.h>
| #endif
| #ifdef HAVE_STDINT_H
| # include <stdint.h>
| #endif
| #ifdef HAVE_UNISTD_H
| # include <unistd.h>
| #endif
| int
| main ()
| {
| static struct stat ac_aggr;
| if (ac_aggr.st_atimespec)
| return 0;
|   ;
|   return 0;
| }
configure:12146: gcc -c -Wall -W -Wno-sign-compare -Wstrict-prototypes -Wmissing-declarations -Wwrite-strings -g -O2 -fno-strict-aliasing  conftest.c >&5
conftest.c:69:1: warning: function declaration isn't a prototype [-Wstrict-prototypes]
 main ()
 ^
conftest.c: In function 'main':
conftest.c:72:19: error: 'struct stat' has no member named 'st_atimespec'
 if (sizeof ac_aggr.st_atimespec)
                   ^
conftest.c:71:20: warning: variable 'ac_aggr' set but not used [-Wunused-but-set-variable]
 static struct stat ac_aggr;
                    ^
configure:12146: $? = 1
configure: failed program was:
| /* confdefs.h */
| #define PACKAGE_NAME "fuse"
| #define PACKAGE_TARNAME "fuse"
| #define PACKAGE_VERSION "3.0.2"
| #define PACKAGE_STRING "fuse 3.0.2"
| #define PACKAGE_BUGREPORT ""
| #define PACKAGE_URL ""
| #define PACKAGE "fuse"
| #define VERSION "3.0.2"
| #define STDC_HEADERS 1
| #define HAVE_SYS_TYPES_H 1
| #define HAVE_SYS_STAT_H 1
| #define HAVE_STDLIB_H 1
| #define HAVE_STRING_H 1
| #define HAVE_MEMORY_H 1
| #define HAVE_STRINGS_H 1
| #define HAVE_INTTYPES_H 1
| #define HAVE_STDINT_H 1
| #define HAVE_UNISTD_H 1
| #define HAVE_DLFCN_H 1
| #define LT_OBJDIR ".libs/"
| #define HAVE_FORK 1
| #define HAVE_SETXATTR 1
| #define HAVE_FDATASYNC 1
| #define HAVE_SPLICE 1
| #define HAVE_VMSPLICE 1
| #define HAVE_UTIMENSAT 1
| #define HAVE_PIPE2 1
| #define HAVE_POSIX_FALLOCATE 1
| #define HAVE_FSTATAT 1
| #define HAVE_OPENAT 1
| #define HAVE_READLINKAT 1
| #define HAVE_STRUCT_STAT_ST_ATIM 1
| /* end confdefs.h.  */
| #include <stdio.h>
| #ifdef HAVE_SYS_TYPES_H
| # include <sys/types.h>
| #endif
| #ifdef HAVE_SYS_STAT_H
| # include <sys/stat.h>
| #endif
| #ifdef STDC_HEADERS
| # include <stdlib.h>
| # include <stddef.h>
| #else
| # ifdef HAVE_STDLIB_H
| #  include <stdlib.h>
| # endif
| #endif
| #ifdef HAVE_STRING_H
| # if !defined STDC_HEADERS && defined HAVE_MEMORY_H
| #  include <memory.h>
| # endif
| # include <string.h>
| #endif
| #ifdef HAVE_STRINGS_H
| # include <strings.h>
| #endif
| #ifdef HAVE_INTTYPES_H
| # include <inttypes.h>
| #endif
| #ifdef HAVE_STDINT_H
| # include <stdint.h>
| #endif
| #ifdef HAVE_UNISTD_H
| # include <unistd.h>
| #endif
| int
| main ()
| {
| static struct stat ac_aggr;
| if (sizeof ac_aggr.st_atimespec)
| return 0;
|   ;
|   return 0;
| }
configure:12146: result: no
configure:12158: checking for library containing dlopen
configure:12189: gcc -o conftest -Wall -W -Wno-sign-compare -Wstrict-prototypes -Wmissing-declarations -Wwrite-strings -g -O2 -fno-strict-aliasing   conftest.c  >&5
conftest.c:42:1: warning: function declaration isn't a prototype [-Wstrict-prototypes]
 char dlopen ();
 ^
conftest.c:44:1: warning: function declaration isn't a prototype [-Wstrict-prototypes]
 main ()
 ^
/tmp/ccJ4MAuD.o: In function `main':
/home/parallels/cycology/fuse-3.0.2/conftest.c:46: undefined reference to `dlopen'
collect2: error: ld returned 1 exit status
configure:12189: $? = 1
configure: failed program was:
| /* confdefs.h */
| #define PACKAGE_NAME "fuse"
| #define PACKAGE_TARNAME "fuse"
| #define PACKAGE_VERSION "3.0.2"
| #define PACKAGE_STRING "fuse 3.0.2"
| #define PACKAGE_BUGREPORT ""
| #define PACKAGE_URL ""
| #define PACKAGE "fuse"
| #define VERSION "3.0.2"
| #define STDC_HEADERS 1
| #define HAVE_SYS_TYPES_H 1
| #define HAVE_SYS_STAT_H 1
| #define HAVE_STDLIB_H 1
| #define HAVE_STRING_H 1
| #define HAVE_MEMORY_H 1
| #define HAVE_STRINGS_H 1
| #define HAVE_INTTYPES_H 1
| #define HAVE_STDINT_H 1
| #define HAVE_UNISTD_H 1
| #define HAVE_DLFCN_H 1
| #define LT_OBJDIR ".libs/"
| #define HAVE_FORK 1
| #define HAVE_SETXATTR 1
| #define HAVE_FDATASYNC 1
| #define HAVE_SPLICE 1
| #define HAVE_VMSPLICE 1
| #define HAVE_UTIMENSAT 1
| #define HAVE_PIPE2 1
| #define HAVE_POSIX_FALLOCATE 1
| #define HAVE_FSTATAT 1
| #define HAVE_OPENAT 1
| #define HAVE_READLINKAT 1
| #define HAVE_STRUCT_STAT_ST_ATIM 1
| /* end confdefs.h.  */
| 
| /* Override any GCC internal prototype to avoid an error.
|    Use char because int might match the return type of a GCC
|    builtin and then its argument prototype would still apply.  */
| #ifdef __cplusplus
| extern "C"
| #endif
| char dlopen ();
| int
| main ()
| {
| return dlopen ();
|   ;
|   return 0;
| }
configure:12189: gcc -o conftest -Wall -W -Wno-sign-compare -Wstrict-prototypes -Wmissing-declarations -Wwrite-strings -g -O2 -fno-strict-aliasing   conftest.c -ldl   >&5
conftest.c:42:1: warning: function declaration isn't a prototype [-Wstrict-prototypes]
 char dlopen ();
 ^
conftest.c:44:1: warning: function declaration isn't a prototype [-Wstrict-prototypes]
 main ()
 ^
configure:12189: $? = 0
configure:12206: result: -ldl
configure:12214: checking for library containing clock_gettime
configure:12245: gcc -o conftest -Wall -W -Wno-sign-compare -Wstrict-prototypes -Wmissing-declarations -Wwrite-strings -g -O2 -fno-strict-aliasing   conftest.c -ldl  >&5
conftest.c:42:1: warning: function declaration isn't a prototype [-Wstrict-prototypes]
 char clock_gettime ();
 ^
conftest.c:44:1: warning: function declaration isn't a prototype [-Wstrict-prototypes]
 main ()
 ^
configure:12245: $? = 0
configure:12262: result: none required
configure:12272: checking for ulockmgr_op in -lulockmgr
configure:12297: gcc -o conftest -Wall -W -Wno-sign-compare -Wstrict-prototypes -Wmissing-declarations -Wwrite-strings -g -O2 -fno-strict-aliasing   conftest.c -lulockmgr   >&5
conftest.c:42:1: warning: function declaration isn't a prototype [-Wstrict-prototypes]
 char ulockmgr_op ();
 ^
conftest.c:44:1: warning: function declaration isn't a prototype [-Wstrict-prototypes]
 main ()
 ^
/usr/bin/ld: cannot find -lulockmgr
collect2: error: ld returned 1 exit status
configure:12297: $? = 1
configure: failed program was:
| /* confdefs.h */
| #define PACKAGE_NAME "fuse"
| #define PACKAGE_TARNAME "fuse"
| #define PACKAGE_VERSION "3.0.2"
| #define PACKAGE_STRING "fuse 3.0.2"
| #define PACKAGE_BUGREPORT ""
| #define PACKAGE_URL ""
| #define PACKAGE "fuse"
| #define VERSION "3.0.2"
| #define STDC_HEADERS 1
| #define HAVE_SYS_TYPES_H 1
| #define HAVE_SYS_STAT_H 1
| #define HAVE_STDLIB_H 1
| #define HAVE_STRING_H 1
| #define HAVE_MEMORY_H 1
| #define HAVE_STRINGS_H 1
| #define HAVE_INTTYPES_H 1
| #define HAVE_STDINT_H 1
| #define HAVE_UNISTD_H 1
| #define HAVE_DLFCN_H 1
| #define LT_OBJDIR ".libs/"
| #define HAVE_FORK 1
| #define HAVE_SETXATTR 1
| #define HAVE_FDATASYNC 1
| #define HAVE_SPLICE 1
| #define HAVE_VMSPLICE 1
| #define HAVE_UTIMENSAT 1
| #define HAVE_PIPE2 1
| #define HAVE_POSIX_FALLOCATE 1
| #define HAVE_FSTATAT 1
| #define HAVE_OPENAT 1
| #define HAVE_READLINKAT 1
| #define HAVE_STRUCT_STAT_ST_ATIM 1
| /* end confdefs.h.  */
| 
| /* Override any GCC internal prototype to avoid an error.
|    Use char because int might match the return type of a GCC
|    builtin and then its argument prototype would still apply.  */
| #ifdef __cplusplus
| extern "C"
| #endif
| char ulockmgr_op ();
| int
| main ()
| {
| return ulockmgr_op ();
|   ;
|   return 0;
| }
configure:12306: result: no
configure:12373: checking for ld used by gcc
configure:12440: result: /usr/bin/ld -m elf_x86_64
configure:12447: checking if the linker (/usr/bin/ld -m elf_x86_64) is GNU ld
configure:12462: result: yes
configure:12469: checking for shared library run path origin
configure:12482: result: done
configure:13060: checking for iconv
configure:13084: gcc -o conftest -Wall -W -Wno-sign-compare -Wstrict-prototypes -Wmissing-declarations -Wwrite-strings -g -O2 -fno-strict-aliasing   conftest.c  >&5
conftest.c:40:1: warning: function declaration isn't a prototype [-Wstrict-prototypes]
 main ()
 ^
configure:13084: $? = 0
configure:13118: result: yes
configure:13121: checking for working iconv
configure:13250: gcc -o conftest -Wall -W -Wno-sign-compare -Wstrict-prototypes -Wmissing-declarations -Wwrite-strings -g -O2 -fno-strict-aliasing   conftest.c  >&5
conftest.c:44:1: warning: function declaration isn't a prototype [-Wstrict-prototypes]
 main ()
 ^
configure:13250: $? = 0
configure:13250: ./conftest
configure:13250: $? = 0
configure:13262: result: yes
configure:13290: checking for iconv declaration
configure:13319: gcc -c -Wall -W -Wno-sign-compare -Wstrict-prototypes -Wmissing-declarations -Wwrite-strings -g -O2 -fno-strict-aliasing  conftest.c >&5
conftest.c:50:1: warning: function declaration isn't a prototype [-Wstrict-prototypes]
 main ()
 ^
configure:13319: $? = 0
configure:13330: result:
         extern size_t iconv (iconv_t cd, char * *inbuf, size_t *inbytesleft, char * *outbuf, size_t *outbytesleft);
configure:13354: MOUNT_FUSE_PATH env var not set, using default ${sbindir}
configure:13360: UDEV_RULES_PATH env var not set, using default ${libdir}/udev/rules.d
configure:13366: INIT_D_PATH env var not set, using default ${sysconfdir}/init.d
configure:13400: checking if umount supports --fake --no-canonicalize
configure:13404: result: yes
configure:13524: checking that generated files are newer than configure
configure:13530: result: done
configure:13569: creating ./config.status

## ---------------------- ##
## Running config.status. ##
## ---------------------- ##

This file was extended by fuse config.status 3.0.2, which was
generated by GNU Autoconf 2.69.  Invocation command line was

  CONFIG_FILES    = 
  CONFIG_HEADERS  = 
  CONFIG_LINKS    = 
  CONFIG_COMMANDS = 
  $ ./config.status 

on parallels-VirtualBox

config.status:1123: creating fuse3.pc
config.status:1123: creating Makefile
config.status:1123: creating lib/Makefile
config.status:1123: creating util/Makefile
config.status:1123: creating example/Makefile
config.status:1123: creating include/Makefile
config.status:1123: creating doc/Makefile
config.status:1123: creating test/Makefile
config.status:1123: creating include/config.h
config.status:1304: include/config.h is unchanged
config.status:1352: executing depfiles commands
config.status:1352: executing libtool commands

## ---------------- ##
## Cache variables. ##
## ---------------- ##

ac_cv_build=x86_64-unknown-linux-gnu
ac_cv_c_compiler_gnu=yes
ac_cv_env_CC_set=
ac_cv_env_CC_value=
ac_cv_env_CFLAGS_set=
ac_cv_env_CFLAGS_value=
ac_cv_env_CPPFLAGS_set=
ac_cv_env_CPPFLAGS_value=
ac_cv_env_CPP_set=
ac_cv_env_CPP_value=
ac_cv_env_LDFLAGS_set=
ac_cv_env_LDFLAGS_value=
ac_cv_env_LIBS_set=
ac_cv_env_LIBS_value=
ac_cv_env_build_alias_set=
ac_cv_env_build_alias_value=
ac_cv_env_host_alias_set=
ac_cv_env_host_alias_value=
ac_cv_env_target_alias_set=
ac_cv_env_target_alias_value=
ac_cv_func_fdatasync=yes
ac_cv_func_fork=yes
ac_cv_func_fstatat=yes
ac_cv_func_openat=yes
ac_cv_func_pipe2=yes
ac_cv_func_posix_fallocate=yes
ac_cv_func_readlinkat=yes
ac_cv_func_setxattr=yes
ac_cv_func_splice=yes
ac_cv_func_utimensat=yes
ac_cv_func_vmsplice=yes
ac_cv_header_dlfcn_h=yes
ac_cv_header_inttypes_h=yes
ac_cv_header_memory_h=yes
ac_cv_header_stdc=yes
ac_cv_header_stdint_h=yes
ac_cv_header_stdlib_h=yes
ac_cv_header_string_h=yes
ac_cv_header_strings_h=yes
ac_cv_header_sys_stat_h=yes
ac_cv_header_sys_types_h=yes
ac_cv_header_unistd_h=yes
ac_cv_host=x86_64-unknown-linux-gnu
ac_cv_lib_ulockmgr_ulockmgr_op=no
ac_cv_member_struct_stat_st_atim=yes
ac_cv_member_struct_stat_st_atimespec=no
ac_cv_objext=o
ac_cv_path_EGREP='/bin/grep -E'
ac_cv_path_FGREP='/bin/grep -F'
ac_cv_path_GREP=/bin/grep
ac_cv_path_SED=/bin/sed
ac_cv_path_install='/usr/bin/install -c'
ac_cv_path_mkdir=/bin/mkdir
ac_cv_prog_AWK=mawk
ac_cv_prog_CPP='gcc -E'
ac_cv_prog_ac_ct_AR=ar
ac_cv_prog_ac_ct_CC=gcc
ac_cv_prog_ac_ct_MANIFEST_TOOL=mt
ac_cv_prog_ac_ct_OBJDUMP=objdump
ac_cv_prog_ac_ct_RANLIB=ranlib
ac_cv_prog_ac_ct_STRIP=strip
ac_cv_prog_cc_c89=
ac_cv_prog_cc_c99=
ac_cv_prog_cc_g=yes
ac_cv_prog_cc_stdc=
ac_cv_prog_make_make_set=yes
ac_cv_search_clock_gettime='none required'
ac_cv_search_dlopen=-ldl
ac_cv_sys_file_offset_bits=no
ac_cv_sys_largefile_CC=no
ac_cv_target=x86_64-unknown-linux-gnu
acl_cv_hardcode_direct=no
acl_cv_hardcode_libdir_flag_spec='${wl}-rpath ${wl}$libdir'
acl_cv_hardcode_libdir_separator=
acl_cv_hardcode_minus_L=no
acl_cv_libext=a
acl_cv_libname_spec='lib$name'
acl_cv_library_names_spec='$libname$shrext'
acl_cv_path_LD='/usr/bin/ld -m elf_x86_64'
acl_cv_prog_gnu_ld=yes
acl_cv_rpath=done
acl_cv_shlibext=so
acl_cv_wl=-Wl,
am_cv_CC_dependencies_compiler_type=gcc3
am_cv_func_iconv=yes
am_cv_func_iconv_works=yes
am_cv_lib_iconv=no
am_cv_make_support_nested_variables=yes
am_cv_prog_cc_c_o=yes
am_cv_proto_iconv='extern size_t iconv (iconv_t cd, char * *inbuf, size_t *inbytesleft, char * *outbuf, size_t *outbytesleft);'
am_cv_proto_iconv_arg1=
lt_cv_ar_at_file=@
lt_cv_archive_cmds_need_lc=no
lt_cv_deplibs_check_method=pass_all
lt_cv_file_magic_cmd='$MAGIC_CMD'
lt_cv_file_magic_test_file=
lt_cv_ld_reload_flag=-r
lt_cv_nm_interface='BSD nm'
lt_cv_objdir=.libs
lt_cv_path_LD=/usr/bin/ld
lt_cv_path_NM='/usr/bin/nm -B'
lt_cv_path_mainfest_tool=no
lt_cv_prog_compiler_c_o=yes
lt_cv_prog_compiler_pic='-fPIC -DPIC'
lt_cv_prog_compiler_pic_works=yes
lt_cv_prog_compiler_rtti_exceptions=no
lt_cv_prog_compiler_static_works=yes
lt_cv_prog_gnu_ld=yes
lt_cv_sharedlib_from_linklib_cmd='printf %s\n'
lt_cv_shlibpath_overrides_runpath=no
lt_cv_sys_global_symbol_pipe='sed -n -e '\''s/^.*[	 ]\([ABCDGIRSTW][ABCDGIRSTW]*\)[	 ][	 ]*\([_A-Za-z][_A-Za-z0-9]*\)$/\1 \2 \2/p'\'' | sed '\''/ __gnu_lto/d'\'''
lt_cv_sys_global_symbol_to_c_name_address='sed -n -e '\''s/^: \([^ ]*\)[ ]*$/  {\"\1\", (void *) 0},/p'\'' -e '\''s/^[ABCDGIRSTW]* \([^ ]*\) \([^ ]*\)$/  {"\2", (void *) \&\2},/p'\'''
lt_cv_sys_global_symbol_to_c_name_address_lib_prefix='sed -n -e '\''s/^: \([^ ]*\)[ ]*$/  {\"\1\", (void *) 0},/p'\'' -e '\''s/^[ABCDGIRSTW]* \([^ ]*\) \(lib[^ ]*\)$/  {"\2", (void *) \&\2},/p'\'' -e '\''s/^[ABCDGIRSTW]* \([^ ]*\) \([^ ]*\)$/  {"lib\2", (void *) \&\2},/p'\'''
lt_cv_sys_global_symbol_to_cdecl='sed -n -e '\''s/^T .* \(.*\)$/extern int \1();/p'\'' -e '\''s/^[ABCDGIRSTW]* .* \(.*\)$/extern char \1;/p'\'''
lt_cv_sys_max_cmd_len=1572864
lt_cv_to_host_file_cmd=func_convert_file_noop
lt_cv_to_tool_file_cmd=func_convert_file_noop

## ----------------- ##
## Output variables. ##
## ----------------- ##

ACLOCAL='${SHELL} /home/parallels/cycology/fuse-3.0.2/missing aclocal-1.15'
AMDEPBACKSLASH='\'
AMDEP_FALSE='#'
AMDEP_TRUE=''
AMTAR='$${TAR-tar}'
AM_BACKSLASH='\'
AM_DEFAULT_V='$(AM_DEFAULT_VERBOSITY)'
AM_DEFAULT_VERBOSITY='0'
AM_V='$(V)'
AR='ar'
AUTOCONF='${SHELL} /home/parallels/cycology/fuse-3.0.2/missing autoconf'
AUTOHEADER='${SHELL} /home/parallels/cycology/fuse-3.0.2/missing autoheader'
AUTOMAKE='${SHELL} /home/parallels/cycology/fuse-3.0.2/missing automake-1.15'
AWK='mawk'
BSD_FALSE=''
BSD_TRUE='#'
CC='gcc'
CCDEPMODE='depmode=gcc3'
CFLAGS='-Wall -W -Wno-sign-compare -Wstrict-prototypes -Wmissing-declarations -Wwrite-strings -g -O2 -fno-strict-aliasing'
CPP='gcc -E'
CPPFLAGS=''
CYGPATH_W='echo'
DEFS='-DHAVE_CONFIG_H'
DEPDIR='.deps'
DLLTOOL='false'
DSYMUTIL=''
DUMPBIN=''
ECHO_C=''
ECHO_N='-n'
ECHO_T=''
EGREP='/bin/grep -E'
EXEEXT=''
FGREP='/bin/grep -F'
GREP='/bin/grep'
ICONV_FALSE='#'
ICONV_TRUE=''
INIT_D_PATH='${sysconfdir}/init.d'
INSTALL_DATA='${INSTALL} -m 644'
INSTALL_PROGRAM='${INSTALL}'
INSTALL_SCRIPT='${INSTALL}'
INSTALL_STRIP_PROGRAM='$(install_sh) -c -s'
LD='/usr/bin/ld -m elf_x86_64'
LDFLAGS=''
LIBICONV=''
LIBOBJS=''
LIBS=''
LIBTOOL='$(SHELL) $(top_builddir)/libtool'
LINUX_FALSE='#'
LINUX_TRUE=''
LIPO=''
LN_S='ln -s'
LTLIBICONV=''
LTLIBOBJS=''
MAKEINFO='${SHELL} /home/parallels/cycology/fuse-3.0.2/missing makeinfo'
MANIFEST_TOOL=':'
MKDIR_P='/bin/mkdir -p'
MOUNT_FUSE_PATH='${sbindir}'
NETBSD_FALSE=''
NETBSD_TRUE='#'
NM='/usr/bin/nm -B'
NMEDIT=''
OBJDUMP='objdump'
OBJEXT='o'
OTOOL64=''
OTOOL=''
PACKAGE='fuse'
PACKAGE_BUGREPORT=''
PACKAGE_NAME='fuse'
PACKAGE_STRING='fuse 3.0.2'
PACKAGE_TARNAME='fuse'
PACKAGE_URL=''
PACKAGE_VERSION='3.0.2'
PATH_SEPARATOR=':'
RANLIB='ranlib'
SED='/bin/sed'
SET_MAKE=''
SHELL='/bin/bash'
STRIP='strip'
UDEV_RULES_PATH='${libdir}/udev/rules.d'
VERSION='3.0.2'
ac_ct_AR='ar'
ac_ct_CC='gcc'
ac_ct_DUMPBIN=''
am__EXEEXT_FALSE=''
am__EXEEXT_TRUE='#'
am__fastdepCC_FALSE='#'
am__fastdepCC_TRUE=''
am__include='include'
am__isrc=''
am__leading_dot='.'
am__nodep='_no'
am__quote=''
am__tar='$${TAR-tar} chof - "$$tardir"'
am__untar='$${TAR-tar} xf -'
bindir='${exec_prefix}/bin'
build='x86_64-unknown-linux-gnu'
build_alias=''
build_cpu='x86_64'
build_os='linux-gnu'
build_vendor='unknown'
datadir='${datarootdir}'
datarootdir='${prefix}/share'
docdir='${datarootdir}/doc/${PACKAGE_TARNAME}'
dvidir='${docdir}'
exec_prefix='${prefix}'
host='x86_64-unknown-linux-gnu'
host_alias=''
host_cpu='x86_64'
host_os='linux-gnu'
host_vendor='unknown'
htmldir='${docdir}'
includedir='${prefix}/include'
infodir='${datarootdir}/info'
install_sh='${SHELL} /home/parallels/cycology/fuse-3.0.2/install-sh'
libdir='${exec_prefix}/lib'
libexecdir='${exec_prefix}/libexec'
libfuse_libs='-ldl  '
localedir='${datarootdir}/locale'
localstatedir='${prefix}/var'
mandir='${datarootdir}/man'
mkdir_p='$(MKDIR_P)'
oldincludedir='/usr/include'
passthrough_fh_libs=''
pdfdir='${docdir}'
pkgconfigdir='${libdir}/pkgconfig'
prefix='/usr/local'
program_transform_name='s,x,x,'
psdir='${docdir}'
runstatedir='${localstatedir}/run'
sbindir='${exec_prefix}/sbin'
sharedstatedir='${prefix}/com'
subdirs2='include lib util example test'
sysconfdir='${prefix}/etc'
target='x86_64-unknown-linux-gnu'
target_alias=''
target_cpu='x86_64'
target_os='linux-gnu'
target_vendor='unknown'

## ----------- ##
## confdefs.h. ##
## ----------- ##

/* confdefs.h */
#define PACKAGE_NAME "fuse"
#define PACKAGE_TARNAME "fuse"
#define PACKAGE_VERSION "3.0.2"
#define PACKAGE_STRING "fuse 3.0.2"
#define PACKAGE_BUGREPORT ""
#define PACKAGE_URL ""
#define PACKAGE "fuse"
#define VERSION "3.0.2"
#define STDC_HEADERS 1
#define HAVE_SYS_TYPES_H 1
#define HAVE_SYS_STAT_H 1
#define HAVE_STDLIB_H 1
#define HAVE_STRING_H 1
#define HAVE_MEMORY_H 1
#define HAVE_STRINGS_H 1
#define HAVE_INTTYPES_H 1
#define HAVE_STDINT_H 1
#define HAVE_UNISTD_H 1
#define HAVE_DLFCN_H 1
#define LT_OBJDIR ".libs/"
#define HAVE_FORK 1
#define HAVE_SETXATTR 1
#define HAVE_FDATASYNC 1
#define HAVE_SPLICE 1
#define HAVE_VMSPLICE 1
#define HAVE_UTIMENSAT 1
#define HAVE_PIPE2 1
#define HAVE_POSIX_FALLOCATE 1
#define HAVE_FSTATAT 1
#define HAVE_OPENAT 1
#define HAVE_READLINKAT 1
#define HAVE_STRUCT_STAT_ST_ATIM 1
#define HAVE_ICONV 1
#define ICONV_CONST 

configure: exit 0
